<?xml version="1.0" encoding="UTF-8"?>
<!-- Generated by org.testng.reporters.JUnitReportReporter -->
<testsuite skipped="0" hostname="KUNDANs-MacBook-Air.local" name="Academy.validateNavigationBar" tests="1" failures="0" timestamp="24 May 2019 12:34:17 GMT" time="0.105" errors="0">
  <testcase name="validateAppNavBar" time="0.105" classname="Academy.validateNavigationBar"/>
</testsuite> <!-- Academy.validateNavigationBar -->
