<?xml version="1.0" encoding="UTF-8"?>
<!-- Generated by org.testng.reporters.JUnitReportReporter -->
<testsuite hostname="KUNDANs-MacBook-Air.local" name="Academy.validateTitle" tests="1" failures="0" timestamp="25 May 2019 15:59:41 GMT" time="0.081" errors="0">
  <testcase name="validateAppTitle" time="0.081" classname="Academy.validateTitle"/>
</testsuite> <!-- Academy.validateTitle -->
