<?xml version="1.0" encoding="UTF-8"?>
<!-- Generated by org.testng.reporters.JUnitReportReporter -->
<testsuite hostname="KUNDANs-MacBook-Air.local" name="Academy.validateNavigationBar" tests="1" failures="0" timestamp="25 May 2019 15:59:41 GMT" time="0.045" errors="0">
  <testcase name="validateAppNavBar" time="0.045" classname="Academy.validateNavigationBar"/>
</testsuite> <!-- Academy.validateNavigationBar -->
