<?xml version="1.0" encoding="UTF-8"?>
<!-- Generated by org.testng.reporters.JUnitReportReporter -->
<testsuite hostname="KUNDANs-MacBook-Air.local" name="Academy.HomePage" tests="2" failures="0" timestamp="25 May 2019 15:59:41 GMT" time="18.705" errors="0">
  <testcase name="basePageNavigation" time="8.290" classname="Academy.HomePage"/>
  <testcase name="basePageNavigation" time="10.415" classname="Academy.HomePage"/>
</testsuite> <!-- Academy.HomePage -->
